<?xml version="1.0" encoding="UTF-8"?>
<!-- Generated by org.testng.reporters.JUnitReportReporter -->
<testsuite hostname="feiw10vm00172" name="TestRunner.TestRunner" tests="1" failures="0" timestamp="27 Apr 2021 05:06:28 GMT" time="9.521" errors="0">
  <testcase name="feature" time="9.521" classname="TestRunner.TestRunner"/>
</testsuite> <!-- TestRunner.TestRunner -->
