<?xml version="1.0" encoding="UTF-8"?>
<!-- Generated by org.testng.reporters.JUnitReportReporter -->
<testsuite hostname="feiw10vm00172" name="E2E.Login" tests="1" failures="0" timestamp="23 Apr 2021 13:11:58 GMT" time="3.729" errors="0">
  <testcase name="E2e" time="3.729" classname="E2E.Login"/>
</testsuite> <!-- E2E.Login -->
